Added Pin To Net: NetName=VDD Pin=J1-1
Added Pin To Net: NetName=NetJ1_2 Pin=J1-2
Added Pin To Net: NetName=NetJ1_2 Pin=J2-1
Added Pin To Net: NetName=GND Pin=J2-2
Added Pin To Net: NetName=VDD Pin=J3-1
Added Pin To Net: NetName=GND Pin=J3-2
Added Pin To Net: NetName=NetJ4_1 Pin=J4-1
Added Pin To Net: NetName=GND Pin=J4-2
Added Pin To Net: NetName=NetJ1_2 Pin=Q1-1
Added Pin To Net: NetName=GND Pin=Q1-2
Added Pin To Net: NetName=NetQ1_3 Pin=Q1-3
Added Pin To Net: NetName=NetJ1_2 Pin=R1-1
Added Pin To Net: NetName=VDD Pin=R1-2
Added Pin To Net: NetName=NetJ4_1 Pin=R2-1
Added Pin To Net: NetName=NetQ1_3 Pin=R2-2
Added Member To Class: ClassName=CEF JFET Member=Component J1 VR2
Added Member To Class: ClassName=CEF JFET Member=Component J2 VDS
Added Member To Class: ClassName=CEF JFET Member=Component J3 VDD
Added Member To Class: ClassName=CEF JFET Member=Component J4 VGG
Added Member To Class: ClassName=CEF JFET Member=Component Q1 2N5458
Added Member To Class: ClassName=CEF JFET Member=Component R1 500R
Added Member To Class: ClassName=CEF JFET Member=Component R2 33k
