Removed Pin From Net: NetName=NetC1_1 Pin=C1-1
Removed Pin From Net: NetName=GND Pin=C2-1
Removed Pin From Net: NetName=NetC2_2 Pin=C2-2
Removed Pin From Net: NetName=NetC3_2 Pin=C3-2
Change Component Footprint: Designator=C1 Old Footprint=CAPR51-254-508X318X736 New Footprint=CAP4.5mm
Change Component Footprint: Designator=C2 Old Footprint=CAPR51-254-508X318X736 New Footprint=CAP4.5mm
Change Component Footprint: Designator=C3 Old Footprint=CAPR51-254-508X318X736 New Footprint=CAP4.5mm
Change Component Footprint: Designator=C4 Old Footprint=CAPR51-254-508X318X736 New Footprint=CAP4.5mm
Change Component Footprint: Designator=C5 Old Footprint=CAPR51-254-508X318X736 New Footprint=CAP4.5mm
Change Component Comment : Designator=C5 Old Comment=0.01uF New Comment=0.01uF (103)
Change Component Comment : Designator=C3 Old Comment=0.1uF New Comment=0.1uF (104)
Change Component Comment : Designator=C4 Old Comment=1uF New Comment=1000pF (102)
Change Managed Component Library Link : Designator=C1 Old VaultGUID=B7D15EC3-160A-466F-A46C-7801FE6295A7 New VaultGUID= Old ItemGUID=CED6C6CE-2427-4803-A481-60341EA4475E New ItemGUID= Old RevisionGUID=F58EB8E3-E096-486A-8478-108F679DF6D7 New RevisionGUID=
Change Managed Component Library Link : Designator=C2 Old VaultGUID=B7D15EC3-160A-466F-A46C-7801FE6295A7 New VaultGUID= Old ItemGUID=CED6C6CE-2427-4803-A481-60341EA4475E New ItemGUID= Old RevisionGUID=F58EB8E3-E096-486A-8478-108F679DF6D7 New RevisionGUID=
Change Managed Component Library Link : Designator=C3 Old VaultGUID=B7D15EC3-160A-466F-A46C-7801FE6295A7 New VaultGUID= Old ItemGUID=CED6C6CE-2427-4803-A481-60341EA4475E New ItemGUID= Old RevisionGUID=F58EB8E3-E096-486A-8478-108F679DF6D7 New RevisionGUID=
Change Managed Component Library Link : Designator=C4 Old VaultGUID=B7D15EC3-160A-466F-A46C-7801FE6295A7 New VaultGUID= Old ItemGUID=CED6C6CE-2427-4803-A481-60341EA4475E New ItemGUID= Old RevisionGUID=F58EB8E3-E096-486A-8478-108F679DF6D7 New RevisionGUID=
Change Managed Component Library Link : Designator=C5 Old VaultGUID=B7D15EC3-160A-466F-A46C-7801FE6295A7 New VaultGUID= Old ItemGUID=CED6C6CE-2427-4803-A481-60341EA4475E New ItemGUID= Old RevisionGUID=F58EB8E3-E096-486A-8478-108F679DF6D7 New RevisionGUID=
Change component parameters: Designator = "C1" ("C1"); Footprint = "CAPR51-254-508X318X736"; UniqueID = "\XULZXUNN" ("\XULZXUNN")
Change component parameters: Designator = "C2" ("C2"); Footprint = "CAPR51-254-508X318X736"; UniqueID = "\NMGUCEOB" ("\NMGUCEOB")
Change component parameters: Designator = "C3" ("C3"); Footprint = "CAPR51-254-508X318X736"; UniqueID = "\IEYXWJIZ" ("\IEYXWJIZ")
Change component parameters: Designator = "C4" ("C4"); Footprint = "CAPR51-254-508X318X736"; UniqueID = "\HLESQCVF" ("\HLESQCVF")
Change component parameters: Designator = "C5" ("C5"); Footprint = "CAPR51-254-508X318X736"; UniqueID = "\BGSZZKBU" ("\BGSZZKBU")
Added Pin To Net: NetName=NetC1_1 Pin=C1-2
Added Pin To Net: NetName=NetC2_2 Pin=C2-1
Added Pin To Net: NetName=GND Pin=C2-2
Added Pin To Net: NetName=NetC3_2 Pin=C3-1
Change Net Name : Old Net Name=NetC1_1 New Net Name=NetC1_2
Change Net Name : Old Net Name=NetC2_2 New Net Name=NetC2_1
Change Net Name : Old Net Name=NetC3_2 New Net Name=NetC3_1
Added Pin To Net: NetName=NetC1_1 Pin=C1-1
Added Pin To Net: NetName=NetC1_1 Pin=J6-2
Added Net: Name=NetC1_1
Added Pin To Net: NetName=NetC3_2 Pin=C3-2
Added Pin To Net: NetName=NetC3_2 Pin=J11-2
Added Net: Name=NetC3_2
